Fri Apr 11 12:19:07 UTC 2025
Sat Apr 12 12:12:34 UTC 2025
Sun Apr 13 12:13:06 UTC 2025
Mon Apr 14 12:15:18 UTC 2025
Tue Apr 15 12:14:59 UTC 2025
Wed Apr 16 12:14:59 UTC 2025
Thu Apr 17 12:14:55 UTC 2025
Fri Apr 18 12:14:10 UTC 2025
Sat Apr 19 12:12:34 UTC 2025
Sun Apr 20 12:12:52 UTC 2025
Mon Apr 21 12:14:42 UTC 2025
Tue Apr 22 12:14:54 UTC 2025
Wed Apr 23 12:15:06 UTC 2025
Thu Apr 24 12:15:29 UTC 2025
Fri Apr 25 12:14:48 UTC 2025
Sat Apr 26 12:12:43 UTC 2025
Sun Apr 27 12:13:00 UTC 2025
Mon Apr 28 12:15:08 UTC 2025
Tue Apr 29 12:16:09 UTC 2025
Wed Apr 30 12:14:44 UTC 2025
Thu May  1 12:14:36 UTC 2025
Fri May  2 12:14:54 UTC 2025
Sat May  3 12:13:10 UTC 2025
Sun May  4 12:13:41 UTC 2025
Mon May  5 12:15:09 UTC 2025
Tue May  6 12:16:53 UTC 2025
Wed May  7 12:15:58 UTC 2025
Thu May  8 12:15:19 UTC 2025
Fri May  9 12:14:52 UTC 2025
Sat May 10 12:13:13 UTC 2025
Sun May 11 12:13:20 UTC 2025
Mon May 12 12:15:45 UTC 2025
Tue May 13 12:15:59 UTC 2025
Wed May 14 12:15:16 UTC 2025
Thu May 15 12:15:32 UTC 2025
